<?xml version="1.0" encoding="UTF-8"?>
<testng-results skipped="0" failed="0" ignored="0" total="1" passed="1">
  <reporter-output>
  </reporter-output>
  <suite name="Default suite" duration-ms="20352" started-at="2022-03-29T08:29:35Z" finished-at="2022-03-29T08:29:55Z">
    <groups>
    </groups>
    <test name="Default test" duration-ms="20352" started-at="2022-03-29T08:29:35Z" finished-at="2022-03-29T08:29:55Z">
      <class name="testScripts.TestDemo">
        <test-method status="PASS" signature="getAccess()[pri:0, instance:testScripts.TestDemo@1677d1]" name="getAccess" is-config="true" duration-ms="9616" started-at="2022-03-29T13:59:35Z" finished-at="2022-03-29T13:59:44Z">
          <reporter-output>
          </reporter-output>
        </test-method> <!-- getAccess -->
        <test-method status="PASS" signature="validateText()[pri:0, instance:testScripts.TestDemo@1677d1]" name="validateText" duration-ms="10710" started-at="2022-03-29T13:59:44Z" finished-at="2022-03-29T13:59:55Z">
          <reporter-output>
          </reporter-output>
        </test-method> <!-- validateText -->
      </class> <!-- testScripts.TestDemo -->
    </test> <!-- Default test -->
  </suite> <!-- Default suite -->
</testng-results>
